<?xml version="1.0" encoding="UTF-8"?>
<!-- Generated by org.testng.reporters.JUnitXMLReporter -->
<testsuite hostname="DESKTOP-VO7B2M6" ignored="0" name="Test" tests="4" failures="0" timestamp="2022-01-23T16:23:19 IST" time="6.939" errors="0">
  <testcase name="testCase1" time="4.747" classname="org.testing.testScripts.TC1"/>
  <testcase name="TestCase2" time="1.758" classname="org.testing.testScripts.TC2"/>
  <testcase name="TestCase3" time="0.097" classname="org.testing.testScripts.TC3"/>
  <testcase name="testCase4" time="0.203" classname="org.testing.testScripts.TC4"/>
</testsuite> <!-- Test -->
